[debug] [2025-08-01T22:14:54.689Z] ----------------------------------------------------------------------
[debug] [2025-08-01T22:14:54.693Z] Command:       /usr/local/bin/firebase /Users/christianmalki/.cache/firebase/tools/lib/node_modules/firebase-tools/lib/bin/firebase init
[debug] [2025-08-01T22:14:54.693Z] CLI Version:   14.9.0
[debug] [2025-08-01T22:14:54.693Z] Platform:      darwin
[debug] [2025-08-01T22:14:54.693Z] Node Version:  v20.18.2
[debug] [2025-08-01T22:14:54.694Z] Time:          Sat Aug 02 2025 00:14:54 GMT+0200 (Central European Summer Time)
[debug] [2025-08-01T22:14:54.694Z] ----------------------------------------------------------------------
[debug] 
[debug] [2025-08-01T22:14:54.700Z] > command requires scopes: ["email","openid","https://www.googleapis.com/auth/cloudplatformprojects.readonly","https://www.googleapis.com/auth/firebase","https://www.googleapis.com/auth/cloud-platform"]
[debug] [2025-08-01T22:14:54.701Z] > authorizing via signed-in user (christianmalki00@hotmail.com)
[info] 
     ######## #### ########  ######## ########     ###     ######  ########
     ##        ##  ##     ## ##       ##     ##  ##   ##  ##       ##
     ######    ##  ########  ######   ########  #########  ######  ######
     ##        ##  ##    ##  ##       ##     ## ##     ##       ## ##
     ##       #### ##     ## ######## ########  ##     ##  ######  ########

You're about to initialize a Firebase project in this directory:

  /Users/christianmalki/Documents/my_parkingapp_new

[debug] [2025-08-01T22:15:32.354Z] Error: read EIO
    at TTY.onStreamRead (node:internal/stream_base_commons:218:20)
    at TTY.callbackTrampoline (node:internal/async_hooks:130:17)
